app/build/outputs/mapping/release/seeds.txt
com.dip.selfprotocol.SelfProtocolApp_GeneratedInjector
com.dip.selfprotocol.data.local.SelfProtocolDatabase_Impl
com.dip.selfprotocol.SelfProtocolApp
com.dip.selfprotocol.MainActivity_GeneratedInjector
com.dip.selfprotocol.data.local.SelfProtocolDatabase
com.dip.selfprotocol.MainActivity
com.dip.selfprotocol.util.AppBackup: com.dip.selfprotocol.util.AppBackup$Companion Companion
com.dip.selfprotocol.data.local.entity.RuleEntity: com.dip.selfprotocol.data.local.entity.RuleEntity$Companion Companion
com.dip.selfprotocol.data.local.entity.LessonEntity: com.dip.selfprotocol.data.local.entity.LessonEntity$Companion Companion
com.dip.selfprotocol.util.BackupSettings: com.dip.selfprotocol.util.BackupSettings$Companion Companion
com.dip.selfprotocol.data.local.entity.CategoryEntity: com.dip.selfprotocol.data.local.entity.CategoryEntity$Companion Companion
com.dip.selfprotocol.SelfProtocolApp: SelfProtocolApp()
com.dip.selfprotocol.data.local.entity.LessonEntity$Companion: kotlinx.serialization.KSerializer serializer()
com.dip.selfprotocol.domain.model.CategoryType: com.dip.selfprotocol.domain.model.CategoryType[] values()
com.dip.selfprotocol.data.local.entity.RuleEntity$Companion: kotlinx.serialization.KSerializer serializer()
com.dip.selfprotocol.MainActivity: MainActivity()
com.dip.selfprotocol.data.local.SelfProtocolDatabase: SelfProtocolDatabase()
com.dip.selfprotocol.data.local.entity.CategoryEntity$Companion: kotlinx.serialization.KSerializer serializer()
com.dip.selfprotocol.util.BackupSettings$Companion: kotlinx.serialization.KSerializer serializer()
com.dip.selfprotocol.domain.model.CategoryType: com.dip.selfprotocol.domain.model.CategoryType valueOf(java.lang.String)
com.dip.selfprotocol.util.AppBackup$Companion: kotlinx.serialization.KSerializer serializer()
com.dip.selfprotocol.data.local.SelfProtocolDatabase_Impl: SelfProtocolDatabase_Impl()
...
kotlinx.coroutines.channels.BufferedChannel: java.lang.Object _closeCause
com.google.crypto.tink.proto.KmsAeadKeyFormat: int KEY_URI_FIELD_NUMBER
com.google.crypto.tink.proto.AesCtrKeyFormat: int KEY_SIZE_FIELD_NUMBER
com.google.crypto.tink.proto.AesCmacKeyFormat: int PARAMS_FIELD_NUMBER
kotlinx.coroutines.internal.LockFreeTaskQueue: java.lang.Object _cur
androidx.appcompat.widget.Toolbar$SavedState: android.os.Parcelable$Creator CREATOR
com.google.crypto.tink.proto.AesCmacKeyFormat: com.google.crypto.tink.proto.AesCmacParams params_
com.google.crypto.tink.proto.XChaCha20Poly1305KeyFormat: com.google.crypto.tink.proto.XChaCha20Poly1305KeyFormat DEFAULT_INSTANCE
androidx.concurrent.futures.AbstractResolvableFuture: androidx.concurrent.futures.AbstractResolvableFuture$Listener listeners
com.google.crypto.tink.proto.AesCtrKey: int KEY_VALUE_FIELD_NUMBER
com.google.crypto.tink.proto.HmacParams: com.google.crypto.tink.shaded.protobuf.Parser PARSER
androidx.activity.result.ActivityResult: android.os.Parcelable$Creator CREATOR
com.google.crypto.tink.proto.KeyTypeEntry: int NEW_KEY_ALLOWED_FIELD_NUMBER
com.google.crypto.tink.proto.KeyData: int TYPE_URL_FIELD_NUMBER
com.google.crypto.tink.proto.Keyset$Key: int STATUS_FIELD_NUMBER
com.google.crypto.tink.proto.AesSivKey: int KEY_VALUE_FIELD_NUMBER
com.google.crypto.tink.proto.KmsEnvelopeAeadKeyFormat: com.google.crypto.tink.proto.KeyTemplate dekTemplate_
com.google.crypto.tink.proto.KmsEnvelopeAeadKey: int VERSION_FIELD_NUMBER
androidx.navigation.NavBackStackEntryState: android.os.Parcelable$Creator CREATOR
androidx.fragment.app.FragmentState: android.os.Parcelable$Creator CREATOR
com.google.crypto.tink.proto.AesGcmKeyFormat: com.google.crypto.tink.proto.AesGcmKeyFormat DEFAULT_INSTANCE
kotlinx.coroutines.channels.BufferedChannel: java.lang.Object bufferEndSegment
com.google.crypto.tink.proto.AesEaxKey: int version_
com.google.crypto.tink.proto.AesEaxKey: int KEY_VALUE_FIELD_NUMBER
com.google.crypto.tink.proto.RegistryConfig: com.google.crypto.tink.shaded.protobuf.Internal$ProtobufList entry_
com.google.crypto.tink.proto.KeysetInfo$KeyInfo: int outputPrefixType_
com.google.crypto.tink.proto.KmsEnvelopeAeadKey: com.google.crypto.tink.shaded.protobuf.Parser PARSER
androidx.lifecycle.Lifecycle$Event: androidx.lifecycle.Lifecycle$Event ON_RESUME
com.google.crypto.tink.proto.HmacKeyFormat: int KEY_SIZE_FIELD_NUMBER
kotlinx.coroutines.scheduling.CoroutineScheduler$Worker: java.lang.Object nextParkedWorker
com.google.crypto.tink.shaded.protobuf.GeneratedMessageLite: int UNINITIALIZED_SERIALIZED_SIZE
com.google.crypto.tink.proto.AesCmacParams: com.google.crypto.tink.shaded.protobuf.Parser PARSER
kotlinx.coroutines.EventLoopImplBase: java.lang.Object _queue
kotlinx.coroutines.UndispatchedCoroutine: boolean threadLocalIsSet
com.google.crypto.tink.proto.HmacParams: int tagSize_
com.google.crypto.tink.proto.HmacKey: int PARAMS_FIELD_NUMBER
com.google.crypto.tink.proto.AesGcmKey: com.google.crypto.tink.proto.AesGcmKey DEFAULT_INSTANCE
androidx.concurrent.futures.AbstractResolvableFuture: java.lang.Object value
com.google.crypto.tink.proto.KmsEnvelopeAeadKey: com.google.crypto.tink.proto.KmsEnvelopeAeadKeyFormat params_
com.google.crypto.tink.proto.AesCtrKey: int VERSION_FIELD_NUMBER
kotlinx.coroutines.channels.BufferedChannel: long completedExpandBuffersAndPauseFlag
com.google.crypto.tink.proto.RegistryConfig: com.google.crypto.tink.shaded.protobuf.Parser PARSER
com.google.crypto.tink.proto.AesSivKeyFormat: int VERSION_FIELD_NUMBER
androidx.concurrent.futures.AbstractResolvableFuture$Waiter: androidx.concurrent.futures.AbstractResolvableFuture$Waiter next
com.google.crypto.tink.proto.Keyset: int PRIMARY_KEY_ID_FIELD_NUMBER
com.google.crypto.tink.proto.AesCtrKey: com.google.crypto.tink.shaded.protobuf.Parser PARSER
com.google.crypto.tink.proto.KeyTemplate: com.google.crypto.tink.proto.KeyTemplate DEFAULT_INSTANCE
com.google.crypto.tink.proto.AesEaxParams: int ivSize_