app/build/outputs/mapping/release/mapping.txt
# compiler: R8
# compiler_version: 8.5.27
# min_api: 21
# common_typos_disable
# {"id":"com.android.tools.r8.mapping","version":"2.2"}
# pg_map_id: 8442366
# pg_map_hash: SHA-256 8442366f0b846ad5519500195c3e9c3c324dead14554b0a4c03077297e998c60
com.dip.selfprotocol.ComposableSingletons$MainActivityKt -> I1.b:
# {"id":"sourceFile","fileName":"MainActivity.kt"}
    kotlin.jvm.functions.Function3 lambda-1 -> a
      # {"id":"com.android.tools.r8.residualsignature","signature":"LU/a;"}
    3:11:androidx.compose.runtime.internal.ComposableLambda androidx.compose.runtime.internal.ComposableLambdaKt.composableLambdaInstance(int,boolean,java.lang.Object):0:0 -> <clinit>
    3:11:void <clinit>():0 -> <clinit>
    12:14:void <clinit>():0:0 -> <clinit>
com.dip.selfprotocol.ComposableSingletons$MainActivityKt$lambda-1$1 -> I1.a:
# {"id":"sourceFile","fileName":"MainActivity.kt"}
    com.dip.selfprotocol.ComposableSingletons$MainActivityKt$lambda-1$1 INSTANCE -> m
      # {"id":"com.android.tools.r8.residualsignature","signature":"LI1/a;"}
    4:6:void <init>():0:0 -> <clinit>
    4:6:void <clinit>():0 -> <clinit>
    7:9:void <clinit>():0:0 -> <clinit>
    17:76:void invoke(androidx.compose.foundation.layout.RowScope,androidx.compose.runtime.Composer,int):0:0 -> k
    17:76:java.lang.Object invoke(java.lang.Object,java.lang.Object,java.lang.Object):0 -> k
    77:79:java.lang.Object invoke(java.lang.Object,java.lang.Object,java.lang.Object):0:0 -> k
com.dip.selfprotocol.DaggerSelfProtocolApp_HiltComponents_SingletonC$ActivityCBuilder -> R8$$REMOVED$$CLASS$$367:
# {"id":"sourceFile","fileName":"DaggerSelfProtocolApp_HiltComponents_SingletonC.java"}
com.dip.selfprotocol.DaggerSelfProtocolApp_HiltComponents_SingletonC$ActivityCImpl -> I1.c:
# {"id":"sourceFile","fileName":"DaggerSelfProtocolApp_HiltComponents_SingletonC.java"}
    com.dip.selfprotocol.DaggerSelfProtocolApp_HiltComponents_SingletonC$SingletonCImpl singletonCImpl -> a
      # {"id":"com.android.tools.r8.residualsignature","signature":"LI1/g;"}
    com.dip.selfprotocol.DaggerSelfProtocolApp_HiltComponents_SingletonC$ActivityRetainedCImpl activityRetainedCImpl -> b
      # {"id":"com.android.tools.r8.residualsignature","signature":"LI1/e;"}
    1:3:void com.dip.selfprotocol.SelfProtocolApp_HiltComponents$ActivityC.<init>():0:0 -> <init>
    1:3:void <init>(com.dip.selfprotocol.DaggerSelfProtocolApp_HiltComponents_SingletonC$SingletonCImpl,com.dip.selfprotocol.DaggerSelfProtocolApp_HiltComponents_SingletonC$ActivityRetainedCImpl,android.app.Activity):0 -> <init>
    1:3:void <init>(com.dip.selfprotocol.DaggerSelfProtocolApp_HiltComponents_SingletonC$SingletonCImpl,com.dip.selfprotocol.DaggerSelfProtocolApp_HiltComponents_SingletonC$ActivityRetainedCImpl,android.app.Activity,com.dip.selfprotocol.DaggerSelfProtocolApp_HiltComponents_SingletonC$1):0 -> <init>
      # {"id":"com.android.tools.r8.residualsignature","signature":"(LI1/g;LI1/e;)V"}
com.dip.selfprotocol.DaggerSelfProtocolApp_HiltComponents_SingletonC$ActivityRetainedCBuilder -> R8$$REMOVED$$CLASS$$368:
# {"id":"sourceFile","fileName":"DaggerSelfProtocolApp_HiltComponents_SingletonC.java"}
...
androidx.compose.foundation.layout.PaddingValuesElement -> androidx.compose.foundation.layout.PaddingValuesElement:
# {"id":"sourceFile","fileName":"Padding.kt"}
    androidx.compose.foundation.layout.PaddingValues paddingValues -> b
      # {"id":"com.android.tools.r8.residualsignature","signature":"Lz/I;"}
    1:3:void androidx.compose.ui.node.ModifierNodeElement.<init>():0:0 -> <init>
    1:3:void <init>(androidx.compose.foundation.layout.PaddingValues,kotlin.jvm.functions.Function1):0 -> <init>
      # {"id":"com.android.tools.r8.residualsignature","signature":"(Lz/I;)V"}
    4:6:void <init>(androidx.compose.foundation.layout.PaddingValues,kotlin.jvm.functions.Function1):0:0 -> <init>
    1:2:androidx.compose.foundation.layout.PaddingValuesModifier create():0:0 -> k
    1:2:androidx.compose.ui.Modifier$Node create():0 -> k
      # {"id":"com.android.tools.r8.residualsignature","signature":"()LY/k;"}
    3:10:void androidx.compose.foundation.layout.PaddingValuesModifier.<init>(androidx.compose.foundation.layout.PaddingValues):0:0 -> k
    3:10:androidx.compose.foundation.layout.PaddingValuesModifier create():0 -> k
    3:10:androidx.compose.ui.Modifier$Node create():0 -> k
    3:7:void androidx.compose.foundation.layout.PaddingValuesModifier.setPaddingValues(androidx.compose.foundation.layout.PaddingValues):0:0 -> l
    3:7:void update(androidx.compose.foundation.layout.PaddingValuesModifier):0 -> l
androidx.compose.foundation.layout.PaddingValuesImpl -> z.J:
# {"id":"sourceFile","fileName":"Padding.kt"}
    float start -> a
    float top -> b
    float end -> c
    float bottom -> d
    1:12:void <init>(float,float,float,float):0:0 -> <init>
    1:12:void <init>(float,float,float,float,kotlin.jvm.internal.DefaultConstructorMarker):0 -> <init>
      # {"id":"com.android.tools.r8.residualsignature","signature":"(FFFF)V"}
    1:10:float calculateRightPadding-u2uoSUM(androidx.compose.ui.unit.LayoutDirection):0:0 -> a
      # {"id":"com.android.tools.r8.residualsignature","signature":"(LM0/l;)F"}
    1:10:float calculateLeftPadding-u2uoSUM(androidx.compose.ui.unit.LayoutDirection):0:0 -> b
      # {"id":"com.android.tools.r8.residualsignature","signature":"(LM0/l;)F"}
    1:3:float calculateBottomPadding-D9Ej5fM():0:0 -> c
    1:3:float calculateTopPadding-D9Ej5fM():0:0 -> d
    1:50:boolean equals(java.lang.Object):0:0 -> equals
    1:12:int java.lang.Float.hashCode(float):0:0 -> hashCode
    1:12:int androidx.compose.ui.unit.Dp.hashCode-impl(float):0 -> hashCode
    1:12:int hashCode():0 -> hashCode
    1:12:int z.PaddingValuesImpl.hashCode():0 -> hashCode
      # {"id":"com.android.tools.r8.synthesized"}
    13:16:int hashCode():0:0 -> hashCode
    13:16:int z.PaddingValuesImpl.hashCode():0 -> hashCode
      # {"id":"com.android.tools.r8.outlineCallsite","positions":{"1":31},"outline":"Lq0/F;j(FII)I"}
    17:18:int java.lang.Float.hashCode(float):0:0 -> hashCode