app/build/outputs/mapping/release/usage.txt
com.dip.selfprotocol.DaggerSelfProtocolApp_HiltComponents_SingletonC$ActivityCImpl$LazyClassKeyProvider:
    com.dip.selfprotocol.presentation.categories.CategoriesViewModel com_dip_selfprotocol_presentation_categories_CategoriesViewModel2
    com.dip.selfprotocol.presentation.lessons.LessonDetailViewModel com_dip_selfprotocol_presentation_lessons_LessonDetailViewModel2
    com.dip.selfprotocol.presentation.lessons.LessonsViewModel com_dip_selfprotocol_presentation_lessons_LessonsViewModel2
    com.dip.selfprotocol.presentation.rules.RuleDetailViewModel com_dip_selfprotocol_presentation_rules_RuleDetailViewModel2
    com.dip.selfprotocol.presentation.rules.RulesViewModel com_dip_selfprotocol_presentation_rules_RulesViewModel2
    com.dip.selfprotocol.presentation.settings.SettingsViewModel com_dip_selfprotocol_presentation_settings_SettingsViewModel2
    private void <init>()
com.dip.selfprotocol.DaggerSelfProtocolApp_HiltComponents_SingletonC$ActivityCImpl:
    public dagger.hilt.android.internal.builders.FragmentComponentBuilder fragmentComponentBuilder()
    public dagger.hilt.android.internal.builders.ViewComponentBuilder viewComponentBuilder()
com.dip.selfprotocol.DaggerSelfProtocolApp_HiltComponents_SingletonC$FragmentCBuilder
com.dip.selfprotocol.DaggerSelfProtocolApp_HiltComponents_SingletonC$FragmentCImpl
com.dip.selfprotocol.DaggerSelfProtocolApp_HiltComponents_SingletonC$ServiceCBuilder
com.dip.selfprotocol.DaggerSelfProtocolApp_HiltComponents_SingletonC$ServiceCImpl
com.dip.selfprotocol.DaggerSelfProtocolApp_HiltComponents_SingletonC$SingletonCImpl:
    public java.util.Set getDisableFragmentGetContextFix()
    public dagger.hilt.android.internal.builders.ServiceComponentBuilder serviceComponentBuilder()
com.dip.selfprotocol.DaggerSelfProtocolApp_HiltComponents_SingletonC$ViewCBuilder
com.dip.selfprotocol.DaggerSelfProtocolApp_HiltComponents_SingletonC$ViewCImpl
com.dip.selfprotocol.DaggerSelfProtocolApp_HiltComponents_SingletonC$ViewModelCImpl$LazyClassKeyProvider:
    com.dip.selfprotocol.presentation.categories.CategoriesViewModel com_dip_selfprotocol_presentation_categories_CategoriesViewModel2
    com.dip.selfprotocol.presentation.lessons.LessonDetailViewModel com_dip_selfprotocol_presentation_lessons_LessonDetailViewModel2
    com.dip.selfprotocol.presentation.lessons.LessonsViewModel com_dip_selfprotocol_presentation_lessons_LessonsViewModel2
    com.dip.selfprotocol.presentation.rules.RuleDetailViewModel com_dip_selfprotocol_presentation_rules_RuleDetailViewModel2
    com.dip.selfprotocol.presentation.rules.RulesViewModel com_dip_selfprotocol_presentation_rules_RulesViewModel2
    com.dip.selfprotocol.presentation.settings.SettingsViewModel com_dip_selfprotocol_presentation_settings_SettingsViewModel2
    private void <init>()
com.dip.selfprotocol.DaggerSelfProtocolApp_HiltComponents_SingletonC$ViewWithFragmentCBuilder
com.dip.selfprotocol.DaggerSelfProtocolApp_HiltComponents_SingletonC$ViewWithFragmentCImpl
com.dip.selfprotocol.DaggerSelfProtocolApp_HiltComponents_SingletonC:
    private void <init>()
com.dip.selfprotocol.Hilt_MainActivity:
    void <init>(int)
    public synthetic bridge dagger.hilt.internal.GeneratedComponentManager componentManager()
com.dip.selfprotocol.Hilt_SelfProtocolApp:
    public synthetic bridge dagger.hilt.internal.GeneratedComponentManager componentManager()
com.dip.selfprotocol.MainActivity:
    public final void setSettingsRepository(com.dip.selfprotocol.domain.repository.SettingsRepository)
com.dip.selfprotocol.MainActivity_MembersInjector:
    private final javax.inject.Provider settingsRepositoryProvider
    public void <init>(javax.inject.Provider)
    public static dagger.MembersInjector create(javax.inject.Provider)
    public void injectMembers(com.dip.selfprotocol.MainActivity)
    public synthetic bridge void injectMembers(java.lang.Object)
com.dip.selfprotocol.R$drawable
com.dip.selfprotocol.R$mipmap
com.dip.selfprotocol.R$string
com.dip.selfprotocol.R$style
...
androidx.compose.ui.graphics.AndroidPath_androidKt:
    public static final android.graphics.Path asAndroidPath(androidx.compose.ui.graphics.Path)
androidx.compose.ui.graphics.AndroidRenderEffect
androidx.compose.ui.graphics.AndroidRenderEffect_androidKt
androidx.compose.ui.graphics.AndroidShader_androidKt:
    public static final android.graphics.Shader ActualImageShader-F49vj9s(androidx.compose.ui.graphics.ImageBitmap,int,int)
    public static final android.graphics.Shader ActualRadialGradientShader-8uybcMk(long,float,java.util.List,java.util.List,int)
    public static final android.graphics.Shader ActualSweepGradientShader-9KIMszo(long,java.util.List,java.util.List)
androidx.compose.ui.graphics.AndroidTileMode_androidKt$WhenMappings
androidx.compose.ui.graphics.AndroidTileMode_androidKt:
    public static final boolean isSupported-0vamqd0(int)
    public static final int toComposeTileMode(android.graphics.Shader$TileMode)
androidx.compose.ui.graphics.AndroidVertexMode_androidKt
androidx.compose.ui.graphics.BlendMode:
    private final int value
    private synthetic void <init>(int)
    public static final synthetic androidx.compose.ui.graphics.BlendMode box-impl(int)
    public boolean equals(java.lang.Object)
    public static boolean equals-impl(int,java.lang.Object)
    public int hashCode()
    public java.lang.String toString()
    public final synthetic int unbox-impl()
androidx.compose.ui.graphics.BlendModeColorFilter:
    public final long getColor-0d7_KjU()
androidx.compose.ui.graphics.BlockGraphicsLayerElement:
    public final kotlin.jvm.functions.Function1 component1()
    public final androidx.compose.ui.graphics.BlockGraphicsLayerElement copy(kotlin.jvm.functions.Function1)
    public static synthetic androidx.compose.ui.graphics.BlockGraphicsLayerElement copy$default(androidx.compose.ui.graphics.BlockGraphicsLayerElement,kotlin.jvm.functions.Function1,int,java.lang.Object)
    public final kotlin.jvm.functions.Function1 getBlock()
    public void inspectableProperties(androidx.compose.ui.platform.InspectorInfo)
androidx.compose.ui.graphics.BlurEffect
androidx.compose.ui.graphics.Brush$Companion:
    public final androidx.compose.ui.graphics.Brush horizontalGradient-8A-3gB4(java.util.List,float,float,int)
    public final androidx.compose.ui.graphics.Brush horizontalGradient-8A-3gB4(kotlin.Pair[],float,float,int)
    public static synthetic androidx.compose.ui.graphics.Brush horizontalGradient-8A-3gB4$default(androidx.compose.ui.graphics.Brush$Companion,java.util.List,float,float,int,int,java.lang.Object)
    public static synthetic androidx.compose.ui.graphics.Brush horizontalGradient-8A-3gB4$default(androidx.compose.ui.graphics.Brush$Companion,kotlin.Pair[],float,float,int,int,java.lang.Object)
    public final androidx.compose.ui.graphics.Brush linearGradient-mHitzGk(kotlin.Pair[],long,long,int)
    public static synthetic androidx.compose.ui.graphics.Brush linearGradient-mHitzGk$default(androidx.compose.ui.graphics.Brush$Companion,java.util.List,long,long,int,int,java.lang.Object)
    public static synthetic androidx.compose.ui.graphics.Brush linearGradient-mHitzGk$default(androidx.compose.ui.graphics.Brush$Companion,kotlin.Pair[],long,long,int,int,java.lang.Object)
    public final androidx.compose.ui.graphics.Brush radialGradient-P_Vx-Ks(java.util.List,long,float,int)
    public final androidx.compose.ui.graphics.Brush radialGradient-P_Vx-Ks(kotlin.Pair[],long,float,int)
androidx.compose.ui.graphics.Brush:
    public long getIntrinsicSize-NH-jbRc()
androidx.compose.ui.graphics.Canvas$DefaultImpls